<?xml version="1.0" encoding="UTF-8"?>
<testsuite name="com.tutorial.demorest.DemoRestApplicationTests" tests="1" skipped="0" failures="0" errors="0" timestamp="2022-03-01T21:59:48" hostname="pythonista" time="0.527">
  <properties/>
  <testcase name="contextLoads()" classname="com.tutorial.demorest.DemoRestApplicationTests" time="0.527"/>
  <system-out><![CDATA[15:59:43.565 [Test worker] DEBUG org.springframework.test.context.BootstrapUtils - Instantiating CacheAwareContextLoaderDelegate from class [org.springframework.test.context.cache.DefaultCacheAwareContextLoaderDelegate]
15:59:43.580 [Test worker] DEBUG org.springframework.test.context.BootstrapUtils - Instantiating BootstrapContext using constructor [public org.springframework.test.context.support.DefaultBootstrapContext(java.lang.Class,org.springframework.test.context.CacheAwareContextLoaderDelegate)]
15:59:43.635 [Test worker] DEBUG org.springframework.test.context.BootstrapUtils - Instantiating TestContextBootstrapper for test class [com.tutorial.demorest.DemoRestApplicationTests] from class [org.springframework.boot.test.context.SpringBootTestContextBootstrapper]
15:59:43.663 [Test worker] INFO org.springframework.boot.test.context.SpringBootTestContextBootstrapper - Neither @ContextConfiguration nor @ContextHierarchy found for test class [com.tutorial.demorest.DemoRestApplicationTests], using SpringBootContextLoader
15:59:43.670 [Test worker] DEBUG org.springframework.test.context.support.AbstractContextLoader - Did not detect default resource location for test class [com.tutorial.demorest.DemoRestApplicationTests]: class path resource [com/tutorial/demorest/DemoRestApplicationTests-context.xml] does not exist
15:59:43.674 [Test worker] DEBUG org.springframework.test.context.support.AbstractContextLoader - Did not detect default resource location for test class [com.tutorial.demorest.DemoRestApplicationTests]: class path resource [com/tutorial/demorest/DemoRestApplicationTestsContext.groovy] does not exist
15:59:43.674 [Test worker] INFO org.springframework.test.context.support.AbstractContextLoader - Could not detect default resource locations for test class [com.tutorial.demorest.DemoRestApplicationTests]: no resource found for suffixes {-context.xml, Context.groovy}.
15:59:43.676 [Test worker] INFO org.springframework.test.context.support.AnnotationConfigContextLoaderUtils - Could not detect default configuration classes for test class [com.tutorial.demorest.DemoRestApplicationTests]: DemoRestApplicationTests does not declare any static, non-private, non-final, nested classes annotated with @Configuration.
15:59:43.750 [Test worker] DEBUG org.springframework.test.context.support.ActiveProfilesUtils - Could not find an 'annotation declaring class' for annotation type [org.springframework.test.context.ActiveProfiles] and class [com.tutorial.demorest.DemoRestApplicationTests]
15:59:43.865 [Test worker] DEBUG org.springframework.context.annotation.ClassPathScanningCandidateComponentProvider - Identified candidate component class: file [/opt/oi/qtop-tdd-spring/src/09/demo-rest/build/classes/groovy/main/com/tutorial/demorest/DemoRestApplication.class]
15:59:43.867 [Test worker] INFO org.springframework.boot.test.context.SpringBootTestContextBootstrapper - Found @SpringBootConfiguration com.tutorial.demorest.DemoRestApplication for test class com.tutorial.demorest.DemoRestApplicationTests
15:59:44.025 [Test worker] DEBUG org.springframework.boot.test.context.SpringBootTestContextBootstrapper - @TestExecutionListeners is not present for class [com.tutorial.demorest.DemoRestApplicationTests]: using defaults.
15:59:44.027 [Test worker] INFO org.springframework.boot.test.context.SpringBootTestContextBootstrapper - Loaded default TestExecutionListener class names from location [META-INF/spring.factories]: [org.springframework.boot.test.autoconfigure.restdocs.RestDocsTestExecutionListener, org.springframework.boot.test.autoconfigure.web.client.MockRestServiceServerResetTestExecutionListener, org.springframework.boot.test.autoconfigure.web.servlet.MockMvcPrintOnlyOnFailureTestExecutionListener, org.springframework.boot.test.autoconfigure.web.servlet.WebDriverTestExecutionListener, org.springframework.boot.test.mock.mockito.MockitoTestExecutionListener, org.springframework.boot.test.mock.mockito.ResetMocksTestExecutionListener, org.springframework.test.context.web.ServletTestExecutionListener, org.springframework.test.context.support.DirtiesContextBeforeModesTestExecutionListener, org.springframework.test.context.support.DependencyInjectionTestExecutionListener, org.springframework.test.context.support.DirtiesContextTestExecutionListener, org.springframework.test.context.transaction.TransactionalTestExecutionListener, org.springframework.test.context.jdbc.SqlScriptsTestExecutionListener, org.springframework.test.context.event.EventPublishingTestExecutionListener]
15:59:44.041 [Test worker] DEBUG org.springframework.boot.test.context.SpringBootTestContextBootstrapper - Skipping candidate TestExecutionListener [org.springframework.test.context.transaction.TransactionalTestExecutionListener] due to a missing dependency. Specify custom listener classes or make the default listener classes and their required dependencies available. Offending class: [org/springframework/transaction/interceptor/TransactionAttributeSource]
15:59:44.042 [Test worker] DEBUG org.springframework.boot.test.context.SpringBootTestContextBootstrapper - Skipping candidate TestExecutionListener [org.springframework.test.context.jdbc.SqlScriptsTestExecutionListener] due to a missing dependency. Specify custom listener classes or make the default listener classes and their required dependencies available. Offending class: [org/springframework/transaction/interceptor/TransactionAttribute]
15:59:44.046 [Test worker] INFO org.springframework.boot.test.context.SpringBootTestContextBootstrapper - Using TestExecutionListeners: [org.springframework.test.context.web.ServletTestExecutionListener@58359ebd, org.springframework.test.context.support.DirtiesContextBeforeModesTestExecutionListener@24b6b8f6, org.springframework.boot.test.mock.mockito.MockitoTestExecutionListener@72cf2de5, org.springframework.boot.test.autoconfigure.SpringBootDependencyInjectionTestExecutionListener@2bb7bd00, org.springframework.test.context.support.DirtiesContextTestExecutionListener@5f031ebd, org.springframework.test.context.event.EventPublishingTestExecutionListener@4ee37ca3, org.springframework.boot.test.autoconfigure.restdocs.RestDocsTestExecutionListener@45c8d09f, org.springframework.boot.test.autoconfigure.web.client.MockRestServiceServerResetTestExecutionListener@53812a9b, org.springframework.boot.test.autoconfigure.web.servlet.MockMvcPrintOnlyOnFailureTestExecutionListener@14b030a0, org.springframework.boot.test.autoconfigure.web.servlet.WebDriverTestExecutionListener@41e350f1, org.springframework.boot.test.mock.mockito.ResetMocksTestExecutionListener@422c3c7a]
15:59:44.051 [Test worker] DEBUG org.springframework.test.context.support.AbstractDirtiesContextTestExecutionListener - Before test class: context [DefaultTestContext@fd8294b testClass = DemoRestApplicationTests, testInstance = [null], testMethod = [null], testException = [null], mergedContextConfiguration = [WebMergedContextConfiguration@5974109 testClass = DemoRestApplicationTests, locations = '{}', classes = '{class com.tutorial.demorest.DemoRestApplication}', contextInitializerClasses = '[]', activeProfiles = '{}', propertySourceLocations = '{}', propertySourceProperties = '{org.springframework.boot.test.context.SpringBootTestContextBootstrapper=true}', contextCustomizers = set[org.springframework.boot.test.autoconfigure.properties.PropertyMappingContextCustomizer@0, org.springframework.boot.test.autoconfigure.web.servlet.WebDriverContextCustomizerFactory$Customizer@338c99c8, org.springframework.boot.test.context.filter.ExcludeFilterContextCustomizer@70f02c32, org.springframework.boot.test.json.DuplicateJsonObjectContextCustomizerFactory$DuplicateJsonObjectContextCustomizer@401f7633, org.springframework.boot.test.mock.mockito.MockitoContextCustomizer@0, org.springframework.boot.test.web.client.TestRestTemplateContextCustomizer@5f354bcf], resourceBasePath = 'src/main/webapp', contextLoader = 'org.springframework.boot.test.context.SpringBootContextLoader', parent = [null]], attributes = map['org.springframework.test.context.web.ServletTestExecutionListener.activateListener' -> true]], class annotated with @DirtiesContext [false] with mode [null].
15:59:44.455 [Test worker] DEBUG org.springframework.test.context.support.TestPropertySourceUtils - Adding inlined properties to environment: {spring.jmx.enabled=false, org.springframework.boot.test.context.SpringBootTestContextBootstrapper=true, server.port=-1}

  .   ____          _            __ _ _
 /\\ / ___'_ __ _ _(_)_ __  __ _ \ \ \ \
( ( )\___ | '_ | '_| | '_ \/ _` | \ \ \ \
 \\/  ___)| |_)| | | | | || (_| |  ) ) ) )
  '  |____| .__|_| |_|_| |_\__, | / / / /
 =========|_|==============|___/=/_/_/_/
 :: Spring Boot ::        (v2.2.4.RELEASE)

2022-03-01 15:59:44.904  INFO 10624 --- [    Test worker] c.t.demorest.DemoRestApplicationTests    : Starting DemoRestApplicationTests on pythonista with PID 10624 (started by oi in /opt/oi/qtop-tdd-spring/src/09/demo-rest)
2022-03-01 15:59:44.907  INFO 10624 --- [    Test worker] c.t.demorest.DemoRestApplicationTests    : No active profile set, falling back to default profiles: default
2022-03-01 15:59:47.963  INFO 10624 --- [    Test worker] o.s.s.concurrent.ThreadPoolTaskExecutor  : Initializing ExecutorService 'applicationTaskExecutor'
2022-03-01 15:59:48.436  INFO 10624 --- [    Test worker] c.t.demorest.DemoRestApplicationTests    : Started DemoRestApplicationTests in 3.95 seconds (JVM running for 6.268)
]]></system-out>
  <system-err><![CDATA[]]></system-err>
</testsuite>
